<?xml version="1.0" encoding="UTF-8"?>
<!-- Generated by org.testng.reporters.JUnitXMLReporter -->
<testsuite ignored="4" hostname="LAPTOP-TOHCMEGR" failures="0" tests="1" name="Default test" time="0.684" errors="0" timestamp="12 May 2024 11:03:54 GMT">
  <testcase classname="test.CalcTest" name="positiveTest" time="0.662"/>
  <testcase classname="test.CalcTest" name="negativeTest" time="0.0">
    <ignored/>
  </testcase> <!-- negativeTest -->
  <testcase classname="test.CalcTest" name="positiveNegativeTest" time="0.0">
    <ignored/>
  </testcase> <!-- positiveNegativeTest -->
  <testcase classname="test.CalcTest" name="negativeDecimalTest" time="0.0">
    <ignored/>
  </testcase> <!-- negativeDecimalTest -->
  <testcase classname="test.CalcTest" name="decimalTest" time="0.0">
    <ignored/>
  </testcase> <!-- decimalTest -->
</testsuite> <!-- Default test -->
