<?xml version="1.0" encoding="UTF-8"?>
<testng-results ignored="4" total="5" passed="1" failed="0" skipped="0">
  <reporter-output>
  </reporter-output>
  <suite started-at="2024-05-12T11:03:54Z" name="Default suite" finished-at="2024-05-12T11:03:54Z" duration-ms="684">
    <groups>
    </groups>
    <test started-at="2024-05-12T11:03:54Z" name="Default test" finished-at="2024-05-12T11:03:54Z" duration-ms="684">
      <class name="test.CalcTest">
        <test-method is-config="true" signature="beforeSuite()[pri:0, instance:test.CalcTest@7a55af6b]" started-at="2024-05-12T11:03:49Z" name="beforeSuite" finished-at="2024-05-12T11:03:54Z" duration-ms="4282" status="PASS">
          <reporter-output>
          </reporter-output>
        </test-method> <!-- beforeSuite -->
        <test-method signature="positiveTest()[pri:1, instance:test.CalcTest@7a55af6b]" started-at="2024-05-12T11:03:54Z" name="positiveTest" finished-at="2024-05-12T11:03:54Z" duration-ms="662" status="PASS">
          <reporter-output>
          </reporter-output>
        </test-method> <!-- positiveTest -->
        <test-method is-config="true" signature="afterSuite()[pri:0, instance:test.CalcTest@7a55af6b]" started-at="2024-05-12T11:03:54Z" name="afterSuite" finished-at="2024-05-12T11:03:54Z" duration-ms="1" status="PASS">
          <reporter-output>
          </reporter-output>
        </test-method> <!-- afterSuite -->
      </class> <!-- test.CalcTest -->
    </test> <!-- Default test -->
  </suite> <!-- Default suite -->
</testng-results>
