<?xml version="1.0" encoding="UTF-8"?>
<!-- Generated by org.testng.reporters.JUnitXMLReporter -->
<testsuite ignored="4" hostname="LAPTOP-TOHCMEGR" failures="0" tests="4" name="Test1" time="0.055" errors="0" timestamp="16 Apr 2024 06:04:29 GMT">
  <testcase classname="Jason.com.Class1" name="f1" time="0.008"/>
  <testcase classname="Jason.com.Class1" name="f2" time="0.002"/>
  <testcase classname="Jason.com.Class2" name="f1" time="0.002"/>
  <testcase classname="Jason.com.Class2" name="f2" time="0.001"/>
  <testcase classname="Jason.com.ExecutionDriver" name="@AfterTest m4" time="0.0">
    <ignored/>
  </testcase> <!-- @AfterTest m4 -->
  <testcase classname="Jason.com.ExecutionDriver" name="@BeforeTest m3" time="0.0">
    <ignored/>
  </testcase> <!-- @BeforeTest m3 -->
  <testcase classname="Jason.com.ExecutionDriver" name="@AfterSuite m2" time="0.0">
    <ignored/>
  </testcase> <!-- @AfterSuite m2 -->
  <testcase classname="Jason.com.ExecutionDriver" name="@BeforeSuite m1" time="0.0">
    <ignored/>
  </testcase> <!-- @BeforeSuite m1 -->
</testsuite> <!-- Test1 -->
